c:\users\paco\documents\maestria\3 semestre\diseño de motores de videojuegos\game2016o_profe_ejemplo\game2016o\game2016o\x64\debug\game2016o.pch
c:\users\paco\documents\maestria\3 semestre\diseño de motores de videojuegos\game2016o_profe_ejemplo\game2016o\game2016o\x64\debug\vc140.pdb
c:\users\paco\documents\maestria\3 semestre\diseño de motores de videojuegos\game2016o_profe_ejemplo\game2016o\game2016o\x64\debug\vc140.idb
c:\users\paco\documents\maestria\3 semestre\diseño de motores de videojuegos\game2016o_profe_ejemplo\game2016o\game2016o\x64\debug\stdafx.obj
c:\users\paco\documents\maestria\3 semestre\diseño de motores de videojuegos\game2016o_profe_ejemplo\game2016o\game2016o\x64\debug\meshmathsurface.obj
c:\users\paco\documents\maestria\3 semestre\diseño de motores de videojuegos\game2016o_profe_ejemplo\game2016o\game2016o\x64\debug\eventbase.obj
c:\users\paco\documents\maestria\3 semestre\diseño de motores de videojuegos\game2016o_profe_ejemplo\game2016o\game2016o\x64\debug\eventlistener.obj
c:\users\paco\documents\maestria\3 semestre\diseño de motores de videojuegos\game2016o_profe_ejemplo\game2016o\game2016o\x64\debug\eventwin32.obj
c:\users\paco\documents\maestria\3 semestre\diseño de motores de videojuegos\game2016o_profe_ejemplo\game2016o\game2016o\x64\debug\objectbase.obj
c:\users\paco\documents\maestria\3 semestre\diseño de motores de videojuegos\game2016o_profe_ejemplo\game2016o\game2016o\x64\debug\objectcommand.obj
c:\users\paco\documents\maestria\3 semestre\diseño de motores de videojuegos\game2016o_profe_ejemplo\game2016o\game2016o\x64\debug\objectstock.obj
c:\users\paco\documents\maestria\3 semestre\diseño de motores de videojuegos\game2016o_profe_ejemplo\game2016o\game2016o\x64\debug\statebase.obj
c:\users\paco\documents\maestria\3 semestre\diseño de motores de videojuegos\game2016o_profe_ejemplo\game2016o\game2016o\x64\debug\statemachinemanager.obj
c:\users\paco\documents\maestria\3 semestre\diseño de motores de videojuegos\game2016o_profe_ejemplo\game2016o\game2016o\x64\debug\inputprocessor.obj
c:\users\paco\documents\maestria\3 semestre\diseño de motores de videojuegos\game2016o_profe_ejemplo\game2016o\game2016o\x64\debug\inputmanager.obj
c:\users\paco\documents\maestria\3 semestre\diseño de motores de videojuegos\game2016o_profe_ejemplo\game2016o\game2016o\x64\debug\sgame.obj
c:\users\paco\documents\maestria\3 semestre\diseño de motores de videojuegos\game2016o_profe_ejemplo\game2016o\game2016o\x64\debug\sintroduction.obj
c:\users\paco\documents\maestria\3 semestre\diseño de motores de videojuegos\game2016o_profe_ejemplo\game2016o\game2016o\x64\debug\smain.obj
c:\users\paco\documents\maestria\3 semestre\diseño de motores de videojuegos\game2016o_profe_ejemplo\game2016o\game2016o\x64\debug\smainmenu.obj
c:\users\paco\documents\maestria\3 semestre\diseño de motores de videojuegos\game2016o_profe_ejemplo\game2016o\game2016o\x64\debug\sndcontrol.obj
c:\users\paco\documents\maestria\3 semestre\diseño de motores de videojuegos\game2016o_profe_ejemplo\game2016o\game2016o\x64\debug\sndfactory.obj
c:\users\paco\documents\maestria\3 semestre\diseño de motores de videojuegos\game2016o_profe_ejemplo\game2016o\game2016o\x64\debug\sndfx.obj
c:\users\paco\documents\maestria\3 semestre\diseño de motores de videojuegos\game2016o_profe_ejemplo\game2016o\game2016o\x64\debug\sndmanager.obj
c:\users\paco\documents\maestria\3 semestre\diseño de motores de videojuegos\game2016o_profe_ejemplo\game2016o\game2016o\x64\debug\sndobject.obj
c:\users\paco\documents\maestria\3 semestre\diseño de motores de videojuegos\game2016o_profe_ejemplo\game2016o\game2016o\x64\debug\actionevent.obj
c:\users\paco\documents\maestria\3 semestre\diseño de motores de videojuegos\game2016o_profe_ejemplo\game2016o\game2016o\x64\debug\game2016o.obj
c:\users\paco\documents\maestria\3 semestre\diseño de motores de videojuegos\game2016o_profe_ejemplo\game2016o\game2016o\x64\debug\dxbasicpainter.obj
c:\users\paco\documents\maestria\3 semestre\diseño de motores de videojuegos\game2016o_profe_ejemplo\game2016o\game2016o\x64\debug\dxmanager.obj
c:\users\paco\documents\maestria\3 semestre\diseño de motores de videojuegos\game2016o_profe_ejemplo\game2016o\game2016o\x64\debug\fx.obj
c:\users\paco\documents\maestria\3 semestre\diseño de motores de videojuegos\game2016o_profe_ejemplo\game2016o\game2016o\x64\debug\imagebmp.obj
c:\users\paco\documents\maestria\3 semestre\diseño de motores de videojuegos\game2016o_profe_ejemplo\game2016o\game2016o\x64\debug\matrix4d.obj
c:\users\paco\documents\maestria\3 semestre\diseño de motores de videojuegos\game2016o_profe_ejemplo\game2016o\game2016o\x64\debug\mesh.obj
c:\users\paco\documents\maestria\3 semestre\diseño de motores de videojuegos\game2016o_profe_ejemplo\game2016o\game2016o\x64\debug\netprocessor.obj
c:\users\paco\documents\maestria\3 semestre\diseño de motores de videojuegos\game2016o_profe_ejemplo\game2016o\x64\debug\game2016o.ilk
c:\users\paco\documents\maestria\3 semestre\diseño de motores de videojuegos\game2016o_profe_ejemplo\game2016o\x64\debug\game2016o.exe
c:\users\paco\documents\maestria\3 semestre\diseño de motores de videojuegos\game2016o_profe_ejemplo\game2016o\x64\debug\game2016o.pdb
c:\users\paco\documents\maestria\3 semestre\diseño de motores de videojuegos\game2016o_profe_ejemplo\game2016o\game2016o\x64\debug\game2016o.res
c:\users\paco\documents\maestria\3 semestre\diseño de motores de videojuegos\game2016o_profe_ejemplo\game2016o\game2016o\x64\debug\game2016o.tlog\cl.command.1.tlog
c:\users\paco\documents\maestria\3 semestre\diseño de motores de videojuegos\game2016o_profe_ejemplo\game2016o\game2016o\x64\debug\game2016o.tlog\cl.read.1.tlog
c:\users\paco\documents\maestria\3 semestre\diseño de motores de videojuegos\game2016o_profe_ejemplo\game2016o\game2016o\x64\debug\game2016o.tlog\cl.write.1.tlog
c:\users\paco\documents\maestria\3 semestre\diseño de motores de videojuegos\game2016o_profe_ejemplo\game2016o\game2016o\x64\debug\game2016o.tlog\link.command.1.tlog
c:\users\paco\documents\maestria\3 semestre\diseño de motores de videojuegos\game2016o_profe_ejemplo\game2016o\game2016o\x64\debug\game2016o.tlog\link.read.1.tlog
c:\users\paco\documents\maestria\3 semestre\diseño de motores de videojuegos\game2016o_profe_ejemplo\game2016o\game2016o\x64\debug\game2016o.tlog\link.write.1.tlog
c:\users\paco\documents\maestria\3 semestre\diseño de motores de videojuegos\game2016o_profe_ejemplo\game2016o\game2016o\x64\debug\game2016o.tlog\rc.command.1.tlog
c:\users\paco\documents\maestria\3 semestre\diseño de motores de videojuegos\game2016o_profe_ejemplo\game2016o\game2016o\x64\debug\game2016o.tlog\rc.read.1.tlog
c:\users\paco\documents\maestria\3 semestre\diseño de motores de videojuegos\game2016o_profe_ejemplo\game2016o\game2016o\x64\debug\game2016o.tlog\rc.write.1.tlog
